\BOOKMARK [1][-]{table.caption.2}{\376\377\000\040\000L\036\334\000I\000\040\000C\036\242\000M\000\040\001\240\000N}{}% 1
\BOOKMARK [1][-]{table.caption.2}{\376\377\000\040\000D\000A\000N\000H\000\040\000M\036\344\000C\000\040\000K\000\335\000\040\000H\000I\036\306\000U\000\040\000V\000\300\000\040\000C\000H\036\356\000\040\000V\000I\036\276\000T\000\040\000T\036\256\000T}{}% 2
\BOOKMARK [1][-]{table.caption.2}{\376\377\000\040\000D\000A\000N\000H\000\040\000M\036\344\000C\000\040\000H\000\314\000N\000H\000\040\000V\036\274}{}% 3
\BOOKMARK [1][-]{table.caption.2}{\376\377\000\040\000D\000A\000N\000H\000\040\000M\036\344\000C\000\040\000B\036\242\000N\000G\000\040\000B\000I\036\302\000U}{}% 4
\BOOKMARK [1][-]{table.caption.2}{\376\377\000\040\000C\000H\001\257\001\240\000N\000G\000\040\0001\000:\000\040\000G\000I\036\332\000I\000\040\000T\000H\000I\036\306\000U}{}% 5
\BOOKMARK [2][-]{subsection.1.1}{\376\377\000T\036\324\000N\000G\000\040\000Q\000U\000A\000N}{table.caption.2}% 6
\BOOKMARK [3][-]{subsubsection.1.1.1}{\376\377\001\020\036\267\000t\000\040\000v\036\245\000n\000\040\001\021\036\301}{subsection.1.1}% 7
\BOOKMARK [3][-]{subsubsection.1.1.2}{\376\377\000T\000\354\000n\000h\000\040\000h\000\354\000n\000h\000\040\000n\000g\000h\000i\000\352\000n\000\040\000c\036\351\000u\000\040\000t\000r\000o\000n\000g\000\040\000n\001\260\036\333\000c}{subsection.1.1}% 8
\BOOKMARK [3][-]{subsubsection.1.1.3}{\376\377\000T\000\354\000n\000h\000\040\000h\000\354\000n\000h\000\040\000n\000g\000h\000i\000\352\000n\000\040\000c\036\351\000u\000\040\000n\000g\000o\000\340\000i\000\040\000n\001\260\036\333\000c}{subsection.1.1}% 9
\BOOKMARK [2][-]{subsection.1.2}{\376\377\000N\000H\000I\036\306\000M\000\040\000V\036\344\000\040\000T\000H\036\360\000C\000\040\000T\036\254\000P}{table.caption.2}% 10
\BOOKMARK [3][-]{subsubsection.1.2.1}{\376\377\000M\036\345\000c\000\040\000t\000i\000\352\000u\000\040\001\021\036\301\000\040\000t\000\340\000i}{subsection.1.2}% 11
\BOOKMARK [3][-]{subsubsection.1.2.2}{\376\377\000Y\000\352\000u\000\040\000c\036\247\000u\000\040\001\021\036\301\000\040\000t\000\340\000i}{subsection.1.2}% 12
\BOOKMARK [3][-]{subsubsection.1.2.3}{\376\377\000K\036\277\000\040\000h\000o\036\241\000c\000h\000\040\000t\000h\036\361\000c\000\040\000h\000i\036\307\000n}{subsection.1.2}% 13
\BOOKMARK [1][-]{figure.caption.3}{\376\377\000\040\000C\000H\001\257\001\240\000N\000G\000\040\0002\000:\000\040\000L\000\335\000\040\000T\000H\000U\000Y\036\276\000T}{}% 14
\BOOKMARK [2][-]{subsection.2.1}{\376\377\000C\000\324\000N\000G\000\040\000N\000G\000H\036\306\000\040\000L\000O\000R\000A}{figure.caption.3}% 15
\BOOKMARK [3][-]{subsubsection.2.1.1}{\376\377\000K\000h\000\341\000i\000\040\000n\000i\036\307\000m}{subsection.2.1}% 16
\BOOKMARK [3][-]{subsubsection.2.1.2}{\376\377\000N\000g\000u\000y\000\352\000n\000\040\000l\000\375\000\040\000h\000o\036\241\000t\000\040\001\021\036\331\000n\000g}{subsection.2.1}% 17
\BOOKMARK [3][-]{subsubsection.2.1.3}{\376\377\000M\000o\000d\000u\000l\000e\000\040\000t\000h\000u\000\040\000p\000h\000\341\000t\000\040\000R\000F\000\040\000U\000A\000R\000T\000\040\000E\0003\0002\000-\000T\000T\000L\000-\0001\0000\0000}{subsection.2.1}% 18
\BOOKMARK [2][-]{subsection.2.2}{\376\377\000G\000I\000A\000O\000\040\000T\000H\036\350\000C\000\040\000M\000Q\000T\000T}{figure.caption.3}% 19
\BOOKMARK [3][-]{subsubsection.2.2.1}{\376\377\000K\000h\000\341\000i\000\040\000n\000i\036\307\000m}{subsection.2.2}% 20
\BOOKMARK [3][-]{subsubsection.2.2.2}{\376\377\000C\001\241\000\040\000c\000h\036\277\000\040\000h\000o\036\241\000t\000\040\001\021\036\331\000n\000g\000\040\000c\036\347\000a\000\040\000M\000Q\000T\000T\000\040\000t\000h\000e\000o\000\040\000m\000\364\000\040\000h\000\354\000n\000h\000\040\000P\000u\000b\000/\000S\000u\000b}{subsection.2.2}% 21
\BOOKMARK [1][-]{figure.caption.8}{\376\377\000\040\000C\000H\001\257\001\240\000N\000G\000\040\0003\000:\000\040\000M\000C\000U\000\040\000V\000\300\000\040\000P\000H\036\246\000N\000\040\000C\036\350\000N\000G\000\040\001\020\001\257\036\342\000C\000\040\000S\036\354\000\040\000D\036\344\000N\000G\000\040\000T\000R\000O\000N\000G\000\040\000T\000H\036\360\000C\000\040\000T\036\254\000P}{}% 22
\BOOKMARK [2][-]{subsection.3.1}{\376\377\000A\000R\000D\000U\000I\000N\000O\000\040\000N\000A\000N\000O\000\040\000C\000H\0003\0004\0000}{figure.caption.8}% 23
\BOOKMARK [2][-]{subsection.3.2}{\376\377\000R\000A\000S\000P\000B\000E\000R\000R\000Y\000\040\000P\000I\000\040\0003\000\040\000M\000O\000D\000E\000L\000\040\000B\000+}{figure.caption.8}% 24
\BOOKMARK [2][-]{subsection.3.3}{\376\377\000M\000O\000D\000U\000L\000E\000\040\000R\000F\000\040\000U\000A\000R\000T\000\040\000E\0003\0002\000-\000T\000T\000L\000-\0001\0000\0000}{figure.caption.8}% 25
\BOOKMARK [2][-]{subsection.3.4}{\376\377\000D\000H\000T\0002\0002\000\040\000T\000E\000M\000P\000E\000R\000A\000T\000U\000R\000E\000\040\000A\000N\000D\000\040\000H\000U\000M\000I\000D\000I\000T\000Y\000\040\000S\000E\000N\000S\000O\000R}{figure.caption.8}% 26
\BOOKMARK [2][-]{subsection.3.5}{\376\377\000M\000O\000D\000U\000L\000E\000\040\0002\000\040\000R\000E\000L\000A\000Y\000\040\000O\000P\000T\000O\000\040\0005\000V\000D\000C}{figure.caption.8}% 27
\BOOKMARK [1][-]{figure.caption.18}{\376\377\000\040\000C\000H\001\257\001\240\000N\000G\000\040\0004\000:\000\040\000K\036\276\000T\000\040\000Q\000U\036\242\000\040\000T\000H\036\360\000C\000\040\000H\000I\036\306\000N}{}% 28
\BOOKMARK [2][-]{subsection.4.1}{\376\377\000K\036\276\000T\000\040\000Q\000U\036\242\000\040\000T\000H\000I\000\040\000C\000\324\000N\000G\000\040\000P\000H\036\246\000N\000\040\000C\036\350\000N\000G}{figure.caption.18}% 29
\BOOKMARK [2][-]{subsection.4.2}{\376\377\000K\000I\036\302\000M\000\040\000T\000R\000A\000\040\000C\000\301\000C\000\040\000T\000H\000\324\000N\000G\000\040\000S\036\320\000\040\000N\000H\000I\036\306\000T\000\040\001\020\036\330\000\040\000\046\000\040\001\020\036\330\000\040\036\250\000M}{figure.caption.18}% 30
\BOOKMARK [2][-]{subsection.4.3}{\376\377\000K\000I\036\302\000M\000\040\000T\000R\000A\000\040\000H\000O\036\240\000T\000\040\001\020\036\330\000N\000G\000\040\000C\036\346\000A\000\040\000M\000O\000D\000U\000L\000E\000\040\0002\000\040\000R\000E\000L\000A\000Y}{figure.caption.18}% 31
\BOOKMARK [1][-]{figure.caption.28}{\376\377\000\040\000C\000H\001\257\001\240\000N\000G\000\040\0005\000:\000\040\000K\036\276\000T\000\040\000L\000U\036\254\000N\000\040\000V\000\300\000\040\000H\001\257\036\332\000N\000G\000\040\000P\000H\000\301\000T\000\040\000T\000R\000I\036\302\000N}{}% 32
\BOOKMARK [2][-]{subsection.5.1}{\376\377\000K\036\276\000T\000\040\000L\000U\036\254\000N}{figure.caption.28}% 33
\BOOKMARK [2][-]{subsection.5.2}{\376\377\000H\001\257\036\332\000N\000G\000\040\000P\000H\000\301\000T\000\040\000T\000R\000I\036\302\000N}{figure.caption.28}% 34
\BOOKMARK [1][-]{subsection.5.2}{\376\377\000\040\000T\000\300\000I\000\040\000L\000I\036\306\000U\000\040\000T\000H\000A\000M\000\040\000K\000H\036\242\000O}{}% 35
